<?xml version="1.0" encoding="UTF-8"?>
<!-- Generated by org.testng.reporters.JUnitReportReporter -->
<testsuite hostname="LAPTOP-6OACLVLF" failures="0" tests="1" name="StepDefinitions.TestRunner" time="11.609" errors="0" timestamp="2022-03-22T20:15:58 IST" skipped="0">
  <testcase classname="StepDefinitions.TestRunner" name="runScenario" time="11.609"/>
  <system-out/>
</testsuite> <!-- StepDefinitions.TestRunner -->
